<?xml version="1.0" encoding="UTF-8"?>
<testsuite name="TestSuite" time="121.47" tests="5" errors="0" skipped="0" failures="0">
  <properties>
[...]
</properties>
  <testcase name="forgotPasswordFunc" classname="com.framework.Package.tests.SmokeTest" time="38.013"/>
  <testcase name="forgotPasswordWithInvalidEmail" classname="com.framework.Package.tests.SmokeTest" time="36.693"/>
  <testcase name="navigateToLoginPageFromForgotPasswordScreen" classname="com.framework.Package.tests.SmokeTest" time="1.569"/>
  <testcase name="loginWithEmptyUsername" classname="com.framework.Package.tests.SmokeTest" time="39.058"/>
  <testcase name="loginFunc" classname="com.framework.Package.tests.SmokeTest" time="6.137"/>
</testsuite>