<?xml version="1.0" encoding="UTF-8"?>
<!-- Generated by org.testng.reporters.JUnitXMLReporter -->
<testsuite hostname="RakSan-HP32" ignored="0" name="Test" tests="5" failures="0" timestamp="19 Jan 2018 05:49:19 GMT" time="136.92" errors="0">
  <testcase name="forgotPasswordFunc" time="37.997" classname="com.framework.Package.tests.SmokeTest"/>
  <testcase name="forgotPasswordWithInvalidEmail" time="36.664" classname="com.framework.Package.tests.SmokeTest"/>
  <testcase name="navigateToLoginPageFromForgotPasswordScreen" time="1.449" classname="com.framework.Package.tests.SmokeTest"/>
  <testcase name="loginWithEmptyUsername" time="39.352" classname="com.framework.Package.tests.SmokeTest"/>
  <testcase name="loginFunc" time="6.619" classname="com.framework.Package.tests.SmokeTest"/>
</testsuite> <!-- Test -->
